1275195744
2084179225
1734353870
1018976777
2591083202
1309403622
2358891488
2143566532
1602649268
2112317422
1470851645
2423431804
2209082718
1571719735
1313345276
2039708041
1526772930
1368470878
866267413
1826546180
1878414495
1706604892
1822460963
1942258759
2943744963
2090539403
666502909
1466069201
1864467036
1559965604
3391983333
1622579273
1102663681
2432936256
1651211389
1454515465
1492853846
1796939416
687095091
2371474269
7770248836
6371225217
6919949687
13907441936
11937169745
7230260936
364913291
0
36972007929
39853812600
42006960098
26853907930
