Data set #1:
   Original order: 10 7 5
   Smallest to largest: 5 7 10

Data set #2:
   Original order: 4 30 20
   Smallest to largest: 4 20 30

Data set #3:
   Original order: 1 2 3
   Smallest to largest: 1 2 3

Data set #4:
   Original order: 1 2 1
   Smallest to largest: 1 1 2

Data set #5:
   Original order: 1 0 1
   Smallest to largest: 0 1 1

Data set #6:
   Original order: 1 0 0
   Smallest to largest: 0 0 1

Data set #7:
   Original order: 0 -8 12
   Smallest to largest: -8 0 12

Data set #8:
   Original order: -7 -10 -20
   Smallest to largest: -20 -10 -7

Data set #9:
   Original order: 32000 0 -32000
   Smallest to largest: -32000 0 32000

Data set #10:
   Original order: -28000 -32000 -30000
   Smallest to largest: -32000 -30000 -28000

Data set #11:
   Original order: 32000 31000 30000
   Smallest to largest: 30000 31000 32000

