Can Stack #1:
         1         2         3         4         5         6
123456789012345678901234567890123456789012345678901234567890
########## ##########                                          
#        # #        #                                          
#        # #Geeks of#                                          
#Coaches8# #UCFdorms#                                          
# Ali88  # #  Soup  #                                          
#        # #        #                                          
#        # #        #                                          
########## ##########                                          

Can Stack #2:
         1         2         3         4         5         6
123456789012345678901234567890123456789012345678901234567890
 ######                                                        
 #    #                                                        
 #    #                                                        
 #Snow#                                                        
 #Peas#                                                        
 #    #                                                        
 #    #                                                        
 ######                                                        
#########   #######                                            
#       #   #     #                                            
#       #   #     #                                            
# Baby  #   #Grape#                                            
#Carrots#   #Jelly#                                            
#       #   #     #                                            
#       #   #     #                                            
#########   #######                                            
########## ########## #############                            
#        # #        # #           #                            
#        # #Cream of# #Aunt Helens#                            
#Pork and# #Mushroom# # Down Home #                            
# Beans  # #  Soup  # #  Country  #                            
#        # #        # # Goodness  #                            
#        # #        # #           #                            
########## ########## #############                            

Can Stack #3:
         1         2         3         4         5         6
123456789012345678901234567890123456789012345678901234567890
##### ##### ##### ##### ##### ##### ##### ##### ##### #####    
#   # #   # #   # #   # #   # #   # #   # #   # #   # #   #    
#   # #   # #   # #   # #   # #   # #   # #   # #   # #   #    
#AAA# #BBB# #CCC# #DDD# #EEE# #FFF# #GGG# #HHH# #III# #JJJ#    
#   # #   # #   # #   # #   # #   # #   # #   # #   # #   #    
#   # #   # #   # #   # #   # #   # #   # #   # #   # #   #    
#   # #   # #   # #   # #   # #   # #   # #   # #   # #   #    
##### ##### ##### ##### ##### ##### ##### ##### ##### #####    

Can Stack #4:
         1         2         3         4         5         6
123456789012345678901234567890123456789012345678901234567890
###                                                            
# #                                                            
# #                                                            
#A#                                                            
# #                                                            
# #                                                            
# #                                                            
###                                                            
####                                                           
#  #                                                           
#  #                                                           
#BB#                                                           
#  #                                                           
#  #                                                           
#  #                                                           
####                                                           
#####                                                          
#   #                                                          
#   #                                                          
#CCC#                                                          
#   #                                                          
#   #                                                          
#   #                                                          
#####                                                          
######                                                         
#    #                                                         
#    #                                                         
#DDDD#                                                         
#    #                                                         
#    #                                                         
#    #                                                         
######                                                         
#######                                                        
#     #                                                        
#     #                                                        
#EEEEE#                                                        
#     #                                                        
#     #                                                        
#     #                                                        
#######                                                        
########                                                       
#      #                                                       
#      #                                                       
#FFFFFF#                                                       
#      #                                                       
#      #                                                       
#      #                                                       
########                                                       
#########                                                      
#       #                                                      
#       #                                                      
#GGGGGGG#                                                      
#       #                                                      
#       #                                                      
#       #                                                      
#########                                                      
##########                                                     
#        #                                                     
#        #                                                     
#HHHHHHHH#                                                     
#        #                                                     
#        #                                                     
#        #                                                     
##########                                                     
###########                                                    
#         #                                                    
#         #                                                    
#IIIIIIIII#                                                    
#         #                                                    
#         #                                                    
#         #                                                    
###########                                                    
############                                                   
#          #                                                   
#          #                                                   
#JJJJJJJJJJ#                                                   
#          #                                                   
#          #                                                   
#          #                                                   
############                                                   

Can Stack #5:
         1         2         3         4         5         6
123456789012345678901234567890123456789012345678901234567890
                           ######                              
                           #    #                              
                           #    #                              
                           #Tiny#                              
                           #Can #                              
                           #    #                              
                           #    #                              
                           ######                              
############################################################   
#                                                          #   
#                                                          #   
#This is a Large Can With a Really Really Really Long Label#   
#                                                          #   
#                                                          #   
#                                                          #   
############################################################   

Can Stack #6:
         1         2         3         4         5         6
123456789012345678901234567890123456789012345678901234567890
  ###########                                                  
  # Brand X #                                                  
  # Laundry #                                                  
  #Detergent#                                                  
  #   and   #                                                  
  # Fabric  #                                                  
  #Softener #                                                  
  ###########                                                  
################                                               
# Super Deluxe #                                               
#   Fat Free   #                                               
#  Low Sodium  #                                               
#No Sugar Added#                                               
#     Food     #                                               
#    Stuff     #                                               
################                                               

Can Stack #7:
         1         2         3         4         5         6
123456789012345678901234567890123456789012345678901234567890
  ######             ######             ######                 
  #    #             #    #             #    #                 
  #    #             #    #             #    #                 
  #This#             #This#             #This#                 
  #    #             #    #             #    #                 
  #    #             #    #             #    #                 
  #    #             #    #             #    #                 
  ######             ######             ######                 
  #######            #######            #######                
  #     #            #     #            #     #                
  #     #            #     #            #     #                
  #Input#            #Input#            #Input#                
  #     #            #     #            #     #                
  #     #            #     #            #     #                
  #     #            #     #            #     #                
  #######            #######            #######                
  ########           ########           ########               
  #      #           #      #           #      #               
  #      #           #      #           #      #               
  #Should#           #Should#           #Should#               
  #      #           #      #           #      #               
  #      #           #      #           #      #               
  #      #           #      #           #      #               
  ########           ########           ########               
  #########          #########          #########              
  #       #          #       #          #       #              
  #       #          #       #          #       #              
  #Produce#          #Produce#          #Produce#              
  #       #          #       #          #       #              
  #       #          #       #          #       #              
  #       #          #       #          #       #              
  #########          #########          #########              
  ##########         ##########         ##########             
  #        #         #        #         #        #             
  #        #         #        #         #        #             
  #A Nicely#         #A Nicely#         #A Nicely#             
  #        #         #        #         #        #             
  #        #         #        #         #        #             
  #        #         #        #         #        #             
  ##########         ##########         ##########             
  ###########        ###########        ###########            
  #         #        #         #        #         #            
  #         #        #         #        #         #            
  #Formatted#        #Formatted#        #Formatted#            
  #         #        #         #        #         #            
  #         #        #         #        #         #            
  #         #        #         #        #         #            
  ###########        ###########        ###########            
 #############      #############      #############           
 #           #      #           #      #           #           
 #           #      #           #      #           #           
 #Arrangement#      #Arrangement#      #Arrangement#           
 #           #      #           #      #           #           
 #           #      #           #      #           #           
 #           #      #           #      #           #           
 #############      #############      #############           
 ##############     ##############     ##############          
 #            #     #            #     #            #          
 #            #     #            #     #            #          
 #and Ordering#     #and Ordering#     #and Ordering#          
 #            #     #            #     #            #          
 #            #     #            #     #            #          
 #            #     #            #     #            #          
 ##############     ##############     ##############          
#################  #################  #################        
#               #  #               #  #               #        
#               #  #               #  #               #        
#of Well Stacked#  #of Well Stacked#  #of Well Stacked#        
#               #  #               #  #               #        
#               #  #               #  #               #        
#               #  #               #  #               #        
#################  #################  #################        
################## ################## ##################       
#                # #                # #                #       
#                # #                # #                #       
#Stainless Steel # #Stainless Steel # #Stainless Steel #       
#Cylindrical Cans# #Cylindrical Cans# #Cylindrical Cans#       
#                # #                # #                #       
#                # #                # #                #       
################## ################## ##################       

Can Stack #8:
         1         2         3         4         5         6
123456789012345678901234567890123456789012345678901234567890
  #####                   #####                                
  #   #                   #   #                                
  #   #                   #   #                                
  #UCF#                   #UCF#                                
  #   #                   #   #                                
  #   #                   #   #                                
  #   #                   #   #                                
  #####                   #####                                
  ######      #####       ######       #####                   
  #    #      #   #       #    #       #   #                   
  #    #      #   #       #    #       #   #                   
  #RTPC#      #UCF#       #RTPC#       #UCF#                   
  #    #      #   #       #    #       #   #                   
  #    #      #   #       #    #       #   #                   
  #    #      #   #       #    #       #   #                   
  ######      #####       ######       #####                   
##########    ######    ##########     ######                  
# Solve  #    #    #    #        #     #    #                  
#  The   #    #    #    #  Know  #     #    #                  
#Easiest #    #RTPC#    #When You#     #RTPC#                  
#Problems#    #    #    #  Need  #     #    #                  
# First  #    #    #    #  Help  #     #    #                  
#        #    #    #    #        #     #    #                  
##########    ######    ##########     ######                  
########### ########## ############# ##########                
#         # #        # #           # #  Know  #                
#  Read   # #  Work  # #UCF Knights# #When You#                
#   the   # #at Your # #Programming# #  Dont  #                
# Problem # #Own Pace# #   Team    # #  Need  #                
#Carefully# #        # #           # #  Help  #                
#         # #        # #           # #        #                
########### ########## ############# ##########                

