Prime Factorization #1:
 5 13   17
2 3  101  

Prime Factorization #2:
 5 21  1
3 5  11 

Prime Factorization #3:
 36 24
2  3  

Prime Factorization #4:
    1899981
9973       

Prime Factorization #5:
 99999  7  11  9091  1234  8075   13456   10000    17    13    1    99999    1923    10001    42    37984    16
7     11 13  19    37    53    101     521     9829  9833  9839 9851     9857    9859     9871  9883     9887  

Prime Factorization #6:
    99999    1799982
9967     9973       

Prime Factorization #7:
  1
17 

Prime Factorization #8:
 3
2 

Prime Factorization #9:
   12
173  

Prime Factorization #10:
   12345
173     

Prime Factorization #11:
   67890
173     

Prime Factorization #12:
   123
173   

Prime Factorization #13:
   4567
173    

Prime Factorization #14:
 12
2  

Prime Factorization #15:
 123
2   

Prime Factorization #16:
 6789
2    

Prime Factorization #17:
 90983
2     

Prime Factorization #18:
  12
17  

Prime Factorization #19:
  123
17   

Prime Factorization #20:
  1234
17    

Prime Factorization #21:
  98765
17     

Prime Factorization #22:
    1
9973 

Prime Factorization #23:
    12
9973  

Prime Factorization #24:
    123
9973   

Prime Factorization #25:
    1234
9973    

Prime Factorization #26:
    12345
9973     

Prime Factorization #27:
  100000  100000  100000  100000  100000
13      37      59      61      97      

Prime Factorization #28:
 27  89999   7    9009    1923
7  73     881 3541    4253    

Prime Factorization #29:
 99981  269997   21    19027    13769
7     73      881  3541     4253     

Prime Factorization #30:
    99999    99999    99999    99999    99999    99999    99999    99999    99999    99999    99999    99999    99999    99999    99999    99999    99999    99999    99999
1381     1399     1409     1423     1427     1429     1433     1439     1447     1451     6067     6073     6079     6089     6091     6101     6113     6121     9973     

